<?xml version="1.0" encoding="UTF-8"?>
<testsuite xmlns:xsi="http://www.w3.org/2001/XMLSchema-instance" xsi:noNamespaceSchemaLocation="https://maven.apache.org/surefire/maven-surefire-plugin/xsd/surefire-test-report.xsd" version="3.0.2" name="com.avaliacao.l2code.L2codeApplicationTests" time="2.745" tests="1" errors="0" skipped="0" failures="0">
  <properties>
[...]
</properties>
  <testcase name="contextLoads" classname="com.avaliacao.l2code.L2codeApplicationTests" time="0.598">
    <system-out><![CDATA[16:34:50.652 [main] INFO org.springframework.test.context.support.AnnotationConfigContextLoaderUtils -- Could not detect default configuration classes for test class [com.avaliacao.l2code.L2codeApplicationTests]: L2codeApplicationTests does not declare any static, non-private, non-final, nested classes annotated with @Configuration.
16:34:50.727 [main] INFO org.springframework.boot.test.context.SpringBootTestContextBootstrapper -- Found @SpringBootConfiguration com.avaliacao.l2code.L2codeApplication for test class com.avaliacao.l2code.L2codeApplicationTests

  .   ____          _            __ _ _
 /\\ / ___'_ __ _ _(_)_ __  __ _ \ \ \ \
( ( )\___ | '_ | '_| | '_ \/ _` | \ \ \ \
 \\/  ___)| |_)| | | | | || (_| |  ) ) ) )
  '  |____| .__|_| |_|_| |_\__, | / / / /
 =========|_|==============|___/=/_/_/_/

 :: Spring Boot ::                (v3.4.3)

2025-05-25T16:34:51.025-03:00  INFO 10776 --- [l2code] [           main] c.a.l2code.L2codeApplicationTests        : Starting L2codeApplicationTests using Java 21.0.7 with PID 10776 (started by Administrador in C:\Desenvolvimento\l2code\wsckp)
2025-05-25T16:34:51.026-03:00  INFO 10776 --- [l2code] [           main] c.a.l2code.L2codeApplicationTests        : No active profile set, falling back to 1 default profile: "default"
2025-05-25T16:34:52.670-03:00  INFO 10776 --- [l2code] [           main] c.a.l2code.L2codeApplicationTests        : Started L2codeApplicationTests in 1.849 seconds (process running for 2.475)
]]></system-out>
    <system-err><![CDATA[Mockito is currently self-attaching to enable the inline-mock-maker. This will no longer work in future releases of the JDK. Please add Mockito as an agent to your build what is described in Mockito's documentation: https://javadoc.io/doc/org.mockito/mockito-core/latest/org/mockito/Mockito.html#0.3
WARNING: A Java agent has been loaded dynamically (C:\Users\Administrador\.m2\repository\net\bytebuddy\byte-buddy-agent\1.15.11\byte-buddy-agent-1.15.11.jar)
WARNING: If a serviceability tool is in use, please run with -XX:+EnableDynamicAgentLoading to hide this warning
WARNING: If a serviceability tool is not in use, please run with -Djdk.instrument.traceUsage for more information
WARNING: Dynamic loading of agents will be disallowed by default in a future release
]]></system-err>
  </testcase>
</testsuite>